{"C:\\Users\\ZenyutkinN\\Documents\\My\\Master education\\2 semester\\Software quality\\Lab-Unit-Testing\\Matrix.js": {"path":"C:\\Users\\ZenyutkinN\\Documents\\My\\Master education\\2 semester\\Software quality\\Lab-Unit-Testing\\Matrix.js","statementMap":{"0":{"start":{"line":1,"column":11},"end":{"line":1,"column":24}},"1":{"start":{"line":2,"column":13},"end":{"line":2,"column":28}},"2":{"start":{"line":4,"column":14},"end":{"line":4,"column":42}},"3":{"start":{"line":13,"column":2},"end":{"line":13,"column":23}},"4":{"start":{"line":22,"column":2},"end":{"line":22,"column":50}},"5":{"start":{"line":22,"column":37},"end":{"line":22,"column":50}},"6":{"start":{"line":24,"column":24},"end":{"line":28,"column":5}},"7":{"start":{"line":25,"column":18},"end":{"line":25,"column":31}},"8":{"start":{"line":27,"column":4},"end":{"line":27,"column":62}},"9":{"start":{"line":27,"column":36},"end":{"line":27,"column":60}},"10":{"start":{"line":30,"column":2},"end":{"line":30,"column":35}},"11":{"start":{"line":30,"column":22},"end":{"line":30,"column":35}},"12":{"start":{"line":32,"column":2},"end":{"line":32,"column":14}},"13":{"start":{"line":41,"column":2},"end":{"line":42,"column":65}},"14":{"start":{"line":42,"column":3},"end":{"line":42,"column":65}},"15":{"start":{"line":44,"column":24},"end":{"line":48,"column":5}},"16":{"start":{"line":45,"column":18},"end":{"line":45,"column":31}},"17":{"start":{"line":47,"column":4},"end":{"line":47,"column":54}},"18":{"start":{"line":47,"column":37},"end":{"line":47,"column":52}},"19":{"start":{"line":50,"column":2},"end":{"line":50,"column":63}},"20":{"start":{"line":59,"column":2},"end":{"line":59,"column":54}},"21":{"start":{"line":59,"column":34},"end":{"line":59,"column":54}},"22":{"start":{"line":61,"column":25},"end":{"line":61,"column":70}},"23":{"start":{"line":61,"column":56},"end":{"line":61,"column":69}},"24":{"start":{"line":63,"column":2},"end":{"line":63,"column":64}},"25":{"start":{"line":73,"column":12},"end":{"line":73,"column":23}},"26":{"start":{"line":75,"column":2},"end":{"line":78,"column":5}},"27":{"start":{"line":76,"column":3},"end":{"line":78,"column":5}},"28":{"start":{"line":80,"column":21},"end":{"line":80,"column":23}},"29":{"start":{"line":82,"column":2},"end":{"line":92,"column":3}},"30":{"start":{"line":82,"column":15},"end":{"line":82,"column":16}},"31":{"start":{"line":83,"column":18},"end":{"line":83,"column":20}},"32":{"start":{"line":84,"column":3},"end":{"line":90,"column":4}},"33":{"start":{"line":84,"column":16},"end":{"line":84,"column":17}},"34":{"start":{"line":85,"column":18},"end":{"line":85,"column":19}},"35":{"start":{"line":86,"column":4},"end":{"line":88,"column":5}},"36":{"start":{"line":86,"column":17},"end":{"line":86,"column":18}},"37":{"start":{"line":87,"column":5},"end":{"line":87,"column":34}},"38":{"start":{"line":89,"column":4},"end":{"line":89,"column":25}},"39":{"start":{"line":91,"column":3},"end":{"line":91,"column":27}},"40":{"start":{"line":94,"column":2},"end":{"line":94,"column":20}},"41":{"start":{"line":102,"column":20},"end":{"line":102,"column":22}},"42":{"start":{"line":104,"column":2},"end":{"line":112,"column":3}},"43":{"start":{"line":104,"column":15},"end":{"line":104,"column":16}},"44":{"start":{"line":105,"column":18},"end":{"line":105,"column":20}},"45":{"start":{"line":107,"column":3},"end":{"line":109,"column":4}},"46":{"start":{"line":107,"column":16},"end":{"line":107,"column":17}},"47":{"start":{"line":108,"column":4},"end":{"line":108,"column":35}},"48":{"start":{"line":111,"column":3},"end":{"line":111,"column":26}},"49":{"start":{"line":114,"column":2},"end":{"line":114,"column":19}},"50":{"start":{"line":128,"column":2},"end":{"line":130,"column":3}},"51":{"start":{"line":129,"column":3},"end":{"line":129,"column":15}},"52":{"start":{"line":132,"column":17},"end":{"line":132,"column":83}},"53":{"start":{"line":132,"column":55},"end":{"line":132,"column":82}},"54":{"start":{"line":134,"column":2},"end":{"line":134,"column":28}},"55":{"start":{"line":146,"column":2},"end":{"line":146,"column":46}},"56":{"start":{"line":146,"column":34},"end":{"line":146,"column":46}},"57":{"start":{"line":148,"column":2},"end":{"line":148,"column":15}},"58":{"start":{"line":152,"column":16},"end":{"line":157,"column":4}},"59":{"start":{"line":153,"column":13},"end":{"line":153,"column":29}},"60":{"start":{"line":154,"column":13},"end":{"line":154,"column":26}},"61":{"start":{"line":156,"column":3},"end":{"line":156,"column":19}},"62":{"start":{"line":159,"column":2},"end":{"line":161,"column":5}},"63":{"start":{"line":160,"column":3},"end":{"line":160,"column":47}},"64":{"start":{"line":165,"column":12},"end":{"line":165,"column":32}},"65":{"start":{"line":167,"column":20},"end":{"line":167,"column":22}},"66":{"start":{"line":169,"column":2},"end":{"line":171,"column":3}},"67":{"start":{"line":170,"column":3},"end":{"line":170,"column":44}},"68":{"start":{"line":173,"column":2},"end":{"line":173,"column":19}},"69":{"start":{"line":177,"column":0},"end":{"line":177,"column":24}},"70":{"start":{"line":180,"column":0},"end":{"line":188,"column":4}},"71":{"start":{"line":185,"column":2},"end":{"line":187,"column":5}},"72":{"start":{"line":186,"column":3},"end":{"line":186,"column":18}},"73":{"start":{"line":186,"column":10},"end":{"line":186,"column":18}}},"fnMap":{"0":{"name":"(anonymous_0)","decl":{"start":{"line":12,"column":1},"end":{"line":12,"column":2}},"loc":{"start":{"line":12,"column":21},"end":{"line":14,"column":2}},"line":12},"1":{"name":"(anonymous_1)","decl":{"start":{"line":21,"column":1},"end":{"line":21,"column":2}},"loc":{"start":{"line":21,"column":23},"end":{"line":33,"column":2}},"line":21},"2":{"name":"(anonymous_2)","decl":{"start":{"line":25,"column":8},"end":{"line":25,"column":9}},"loc":{"start":{"line":25,"column":18},"end":{"line":25,"column":31}},"line":25},"3":{"name":"(anonymous_3)","decl":{"start":{"line":26,"column":10},"end":{"line":26,"column":11}},"loc":{"start":{"line":26,"column":33},"end":{"line":28,"column":4}},"line":26},"4":{"name":"(anonymous_4)","decl":{"start":{"line":27,"column":21},"end":{"line":27,"column":22}},"loc":{"start":{"line":27,"column":36},"end":{"line":27,"column":60}},"line":27},"5":{"name":"(anonymous_5)","decl":{"start":{"line":40,"column":1},"end":{"line":40,"column":2}},"loc":{"start":{"line":40,"column":23},"end":{"line":51,"column":2}},"line":40},"6":{"name":"(anonymous_6)","decl":{"start":{"line":45,"column":8},"end":{"line":45,"column":9}},"loc":{"start":{"line":45,"column":18},"end":{"line":45,"column":31}},"line":45},"7":{"name":"(anonymous_7)","decl":{"start":{"line":46,"column":11},"end":{"line":46,"column":12}},"loc":{"start":{"line":46,"column":28},"end":{"line":48,"column":4}},"line":46},"8":{"name":"(anonymous_8)","decl":{"start":{"line":47,"column":22},"end":{"line":47,"column":23}},"loc":{"start":{"line":47,"column":37},"end":{"line":47,"column":52}},"line":47},"9":{"name":"(anonymous_9)","decl":{"start":{"line":58,"column":1},"end":{"line":58,"column":2}},"loc":{"start":{"line":58,"column":20},"end":{"line":64,"column":2}},"line":58},"10":{"name":"(anonymous_10)","decl":{"start":{"line":61,"column":48},"end":{"line":61,"column":49}},"loc":{"start":{"line":61,"column":56},"end":{"line":61,"column":69}},"line":61},"11":{"name":"(anonymous_11)","decl":{"start":{"line":72,"column":1},"end":{"line":72,"column":2}},"loc":{"start":{"line":72,"column":9},"end":{"line":95,"column":2}},"line":72},"12":{"name":"(anonymous_12)","decl":{"start":{"line":101,"column":1},"end":{"line":101,"column":2}},"loc":{"start":{"line":101,"column":13},"end":{"line":115,"column":2}},"line":101},"13":{"name":"(anonymous_13)","decl":{"start":{"line":123,"column":1},"end":{"line":123,"column":2}},"loc":{"start":{"line":123,"column":12},"end":{"line":135,"column":2}},"line":123},"14":{"name":"(anonymous_14)","decl":{"start":{"line":132,"column":47},"end":{"line":132,"column":48}},"loc":{"start":{"line":132,"column":55},"end":{"line":132,"column":82}},"line":132},"15":{"name":"(anonymous_15)","decl":{"start":{"line":145,"column":1},"end":{"line":145,"column":2}},"loc":{"start":{"line":145,"column":27},"end":{"line":149,"column":2}},"line":145},"16":{"name":"(anonymous_16)","decl":{"start":{"line":151,"column":1},"end":{"line":151,"column":2}},"loc":{"start":{"line":151,"column":25},"end":{"line":162,"column":2}},"line":151},"17":{"name":"(anonymous_17)","decl":{"start":{"line":152,"column":47},"end":{"line":152,"column":48}},"loc":{"start":{"line":152,"column":57},"end":{"line":157,"column":3}},"line":152},"18":{"name":"(anonymous_18)","decl":{"start":{"line":159,"column":21},"end":{"line":159,"column":22}},"loc":{"start":{"line":159,"column":35},"end":{"line":161,"column":3}},"line":159},"19":{"name":"(anonymous_19)","decl":{"start":{"line":164,"column":1},"end":{"line":164,"column":2}},"loc":{"start":{"line":164,"column":47},"end":{"line":174,"column":2}},"line":164},"20":{"name":"(anonymous_20)","decl":{"start":{"line":184,"column":7},"end":{"line":184,"column":8}},"loc":{"start":{"line":184,"column":13},"end":{"line":188,"column":2}},"line":184},"21":{"name":"(anonymous_21)","decl":{"start":{"line":185,"column":57},"end":{"line":185,"column":58}},"loc":{"start":{"line":185,"column":62},"end":{"line":187,"column":3}},"line":185}},"branchMap":{"0":{"loc":{"start":{"line":22,"column":2},"end":{"line":22,"column":50}},"type":"if","locations":[{"start":{"line":22,"column":2},"end":{"line":22,"column":50}},{"start":{"line":22,"column":2},"end":{"line":22,"column":50}}],"line":22},"1":{"loc":{"start":{"line":30,"column":2},"end":{"line":30,"column":35}},"type":"if","locations":[{"start":{"line":30,"column":2},"end":{"line":30,"column":35}},{"start":{"line":30,"column":2},"end":{"line":30,"column":35}}],"line":30},"2":{"loc":{"start":{"line":41,"column":2},"end":{"line":42,"column":65}},"type":"if","locations":[{"start":{"line":41,"column":2},"end":{"line":42,"column":65}},{"start":{"line":41,"column":2},"end":{"line":42,"column":65}}],"line":41},"3":{"loc":{"start":{"line":59,"column":2},"end":{"line":59,"column":54}},"type":"if","locations":[{"start":{"line":59,"column":2},"end":{"line":59,"column":54}},{"start":{"line":59,"column":2},"end":{"line":59,"column":54}}],"line":59},"4":{"loc":{"start":{"line":75,"column":2},"end":{"line":78,"column":5}},"type":"if","locations":[{"start":{"line":75,"column":2},"end":{"line":78,"column":5}},{"start":{"line":75,"column":2},"end":{"line":78,"column":5}}],"line":75},"5":{"loc":{"start":{"line":128,"column":2},"end":{"line":130,"column":3}},"type":"if","locations":[{"start":{"line":128,"column":2},"end":{"line":130,"column":3}},{"start":{"line":128,"column":2},"end":{"line":130,"column":3}}],"line":128},"6":{"loc":{"start":{"line":128,"column":6},"end":{"line":128,"column":66}},"type":"binary-expr","locations":[{"start":{"line":128,"column":6},"end":{"line":128,"column":29}},{"start":{"line":128,"column":33},"end":{"line":128,"column":43}},{"start":{"line":128,"column":47},"end":{"line":128,"column":66}}],"line":128},"7":{"loc":{"start":{"line":146,"column":2},"end":{"line":146,"column":46}},"type":"if","locations":[{"start":{"line":146,"column":2},"end":{"line":146,"column":46}},{"start":{"line":146,"column":2},"end":{"line":146,"column":46}}],"line":146},"8":{"loc":{"start":{"line":146,"column":6},"end":{"line":146,"column":32}},"type":"binary-expr","locations":[{"start":{"line":146,"column":6},"end":{"line":146,"column":12}},{"start":{"line":146,"column":16},"end":{"line":146,"column":22}},{"start":{"line":146,"column":26},"end":{"line":146,"column":32}}],"line":146},"9":{"loc":{"start":{"line":160,"column":10},"end":{"line":160,"column":46}},"type":"binary-expr","locations":[{"start":{"line":160,"column":10},"end":{"line":160,"column":26}},{"start":{"line":160,"column":30},"end":{"line":160,"column":46}}],"line":160},"10":{"loc":{"start":{"line":186,"column":3},"end":{"line":186,"column":18}},"type":"if","locations":[{"start":{"line":186,"column":3},"end":{"line":186,"column":18}},{"start":{"line":186,"column":3},"end":{"line":186,"column":18}}],"line":186}},"s":{"0":8,"1":8,"2":8,"3":49,"4":7,"5":2,"6":3,"7":5,"8":5,"9":22,"10":3,"11":1,"12":2,"13":3,"14":1,"15":2,"16":4,"17":2,"18":10,"19":2,"20":4,"21":2,"22":2,"23":10,"24":2,"25":5,"26":5,"27":3,"28":2,"29":2,"30":2,"31":5,"32":5,"33":5,"34":10,"35":10,"36":10,"37":26,"38":10,"39":5,"40":2,"41":4,"42":4,"43":4,"44":8,"45":8,"46":8,"47":21,"48":8,"49":3,"50":9,"51":4,"52":5,"53":13,"54":5,"55":2,"56":1,"57":1,"58":10,"59":24,"60":22,"61":22,"62":8,"63":18,"64":4,"65":4,"66":4,"67":8,"68":4,"69":8,"70":8,"71":0,"72":0,"73":0},"f":{"0":49,"1":7,"2":5,"3":5,"4":22,"5":3,"6":4,"7":2,"8":10,"9":4,"10":10,"11":5,"12":4,"13":9,"14":13,"15":2,"16":10,"17":24,"18":18,"19":4,"20":0,"21":0},"b":{"0":[2,3],"1":[1,2],"2":[1,2],"3":[2,2],"4":[3,2],"5":[4,5],"6":[9,8,7],"7":[1,1],"8":[2,1,1],"9":[18,16],"10":[0,0]},"_coverageSchema":"1a1c01bbd47fc00a2c39e90264f33305004495a9","hash":"b2f7aa62c4e1645153835e7eabaab261e6793557"}
,"C:\\Users\\ZenyutkinN\\Documents\\My\\Master education\\2 semester\\Software quality\\Lab-Unit-Testing\\Parser.js": {"path":"C:\\Users\\ZenyutkinN\\Documents\\My\\Master education\\2 semester\\Software quality\\Lab-Unit-Testing\\Parser.js","statementMap":{"0":{"start":{"line":1,"column":14},"end":{"line":1,"column":32}},"1":{"start":{"line":2,"column":15},"end":{"line":2,"column":34}},"2":{"start":{"line":4,"column":14},"end":{"line":4,"column":25}},"3":{"start":{"line":5,"column":15},"end":{"line":5,"column":27}},"4":{"start":{"line":9,"column":2},"end":{"line":11,"column":3}},"5":{"start":{"line":10,"column":3},"end":{"line":10,"column":54}},"6":{"start":{"line":13,"column":2},"end":{"line":28,"column":9}},"7":{"start":{"line":15,"column":4},"end":{"line":15,"column":27}},"8":{"start":{"line":18,"column":4},"end":{"line":18,"column":28}},"9":{"start":{"line":21,"column":4},"end":{"line":21,"column":27}},"10":{"start":{"line":24,"column":4},"end":{"line":24,"column":26}},"11":{"start":{"line":27,"column":4},"end":{"line":27,"column":34}},"12":{"start":{"line":30,"column":26},"end":{"line":30,"column":43}},"13":{"start":{"line":32,"column":8},"end":{"line":34,"column":9}},"14":{"start":{"line":33,"column":12},"end":{"line":33,"column":45}},"15":{"start":{"line":36,"column":2},"end":{"line":36,"column":26}},"16":{"start":{"line":40,"column":0},"end":{"line":40,"column":24}}},"fnMap":{"0":{"name":"(anonymous_0)","decl":{"start":{"line":8,"column":1},"end":{"line":8,"column":2}},"loc":{"start":{"line":8,"column":18},"end":{"line":37,"column":2}},"line":8}},"branchMap":{"0":{"loc":{"start":{"line":9,"column":2},"end":{"line":11,"column":3}},"type":"if","locations":[{"start":{"line":9,"column":2},"end":{"line":11,"column":3}},{"start":{"line":9,"column":2},"end":{"line":11,"column":3}}],"line":9},"1":{"loc":{"start":{"line":13,"column":2},"end":{"line":28,"column":9}},"type":"switch","locations":[{"start":{"line":14,"column":3},"end":{"line":15,"column":27}},{"start":{"line":17,"column":3},"end":{"line":18,"column":28}},{"start":{"line":20,"column":3},"end":{"line":21,"column":27}},{"start":{"line":23,"column":3},"end":{"line":24,"column":26}},{"start":{"line":26,"column":3},"end":{"line":27,"column":34}}],"line":13},"2":{"loc":{"start":{"line":32,"column":8},"end":{"line":34,"column":9}},"type":"if","locations":[{"start":{"line":32,"column":8},"end":{"line":34,"column":9}},{"start":{"line":32,"column":8},"end":{"line":34,"column":9}}],"line":32}},"s":{"0":1,"1":1,"2":1,"3":1,"4":8,"5":1,"6":7,"7":1,"8":1,"9":1,"10":1,"11":1,"12":2,"13":2,"14":1,"15":1,"16":1},"f":{"0":8},"b":{"0":[1,7],"1":[1,1,1,1,1],"2":[1,1]},"_coverageSchema":"1a1c01bbd47fc00a2c39e90264f33305004495a9","hash":"f1480a501c873bba5679ac09d9c115927518cad3"}
,"C:\\Users\\ZenyutkinN\\Documents\\My\\Master education\\2 semester\\Software quality\\Lab-Unit-Testing\\Token.js": {"path":"C:\\Users\\ZenyutkinN\\Documents\\My\\Master education\\2 semester\\Software quality\\Lab-Unit-Testing\\Token.js","statementMap":{"0":{"start":{"line":3,"column":2},"end":{"line":3,"column":15}},"1":{"start":{"line":7,"column":2},"end":{"line":7,"column":14}},"2":{"start":{"line":11,"column":2},"end":{"line":11,"column":15}},"3":{"start":{"line":15,"column":2},"end":{"line":15,"column":14}},"4":{"start":{"line":19,"column":2},"end":{"line":19,"column":13}},"5":{"start":{"line":23,"column":2},"end":{"line":23,"column":21}},"6":{"start":{"line":27,"column":2},"end":{"line":27,"column":15}},"7":{"start":{"line":31,"column":2},"end":{"line":31,"column":26}},"8":{"start":{"line":35,"column":2},"end":{"line":35,"column":20}},"9":{"start":{"line":39,"column":2},"end":{"line":39,"column":21}},"10":{"start":{"line":43,"column":2},"end":{"line":43,"column":20}},"11":{"start":{"line":47,"column":2},"end":{"line":47,"column":19}},"12":{"start":{"line":51,"column":2},"end":{"line":51,"column":27}},"13":{"start":{"line":55,"column":2},"end":{"line":55,"column":21}},"14":{"start":{"line":61,"column":2},"end":{"line":61,"column":10}},"15":{"start":{"line":62,"column":2},"end":{"line":62,"column":21}},"16":{"start":{"line":68,"column":2},"end":{"line":68,"column":10}},"17":{"start":{"line":74,"column":2},"end":{"line":74,"column":10}},"18":{"start":{"line":80,"column":2},"end":{"line":80,"column":10}},"19":{"start":{"line":86,"column":2},"end":{"line":86,"column":10}},"20":{"start":{"line":92,"column":2},"end":{"line":92,"column":10}},"21":{"start":{"line":98,"column":2},"end":{"line":98,"column":10}},"22":{"start":{"line":102,"column":0},"end":{"line":102,"column":23}}},"fnMap":{"0":{"name":"(anonymous_0)","decl":{"start":{"line":2,"column":1},"end":{"line":2,"column":2}},"loc":{"start":{"line":2,"column":16},"end":{"line":4,"column":2}},"line":2},"1":{"name":"(anonymous_1)","decl":{"start":{"line":6,"column":1},"end":{"line":6,"column":2}},"loc":{"start":{"line":6,"column":15},"end":{"line":8,"column":2}},"line":6},"2":{"name":"(anonymous_2)","decl":{"start":{"line":10,"column":1},"end":{"line":10,"column":2}},"loc":{"start":{"line":10,"column":16},"end":{"line":12,"column":2}},"line":10},"3":{"name":"(anonymous_3)","decl":{"start":{"line":14,"column":1},"end":{"line":14,"column":2}},"loc":{"start":{"line":14,"column":15},"end":{"line":16,"column":2}},"line":14},"4":{"name":"(anonymous_4)","decl":{"start":{"line":18,"column":1},"end":{"line":18,"column":2}},"loc":{"start":{"line":18,"column":14},"end":{"line":20,"column":2}},"line":18},"5":{"name":"(anonymous_5)","decl":{"start":{"line":22,"column":1},"end":{"line":22,"column":2}},"loc":{"start":{"line":22,"column":22},"end":{"line":24,"column":2}},"line":22},"6":{"name":"(anonymous_6)","decl":{"start":{"line":26,"column":1},"end":{"line":26,"column":2}},"loc":{"start":{"line":26,"column":16},"end":{"line":28,"column":2}},"line":26},"7":{"name":"(anonymous_7)","decl":{"start":{"line":30,"column":1},"end":{"line":30,"column":2}},"loc":{"start":{"line":30,"column":17},"end":{"line":32,"column":2}},"line":30},"8":{"name":"(anonymous_8)","decl":{"start":{"line":34,"column":1},"end":{"line":34,"column":2}},"loc":{"start":{"line":34,"column":11},"end":{"line":36,"column":2}},"line":34},"9":{"name":"(anonymous_9)","decl":{"start":{"line":38,"column":1},"end":{"line":38,"column":2}},"loc":{"start":{"line":38,"column":12},"end":{"line":40,"column":2}},"line":38},"10":{"name":"(anonymous_10)","decl":{"start":{"line":42,"column":1},"end":{"line":42,"column":2}},"loc":{"start":{"line":42,"column":11},"end":{"line":44,"column":2}},"line":42},"11":{"name":"(anonymous_11)","decl":{"start":{"line":46,"column":1},"end":{"line":46,"column":2}},"loc":{"start":{"line":46,"column":10},"end":{"line":48,"column":2}},"line":46},"12":{"name":"(anonymous_12)","decl":{"start":{"line":50,"column":1},"end":{"line":50,"column":2}},"loc":{"start":{"line":50,"column":18},"end":{"line":52,"column":2}},"line":50},"13":{"name":"(anonymous_13)","decl":{"start":{"line":54,"column":1},"end":{"line":54,"column":2}},"loc":{"start":{"line":54,"column":12},"end":{"line":56,"column":2}},"line":54},"14":{"name":"(anonymous_14)","decl":{"start":{"line":60,"column":1},"end":{"line":60,"column":2}},"loc":{"start":{"line":60,"column":20},"end":{"line":63,"column":2}},"line":60},"15":{"name":"(anonymous_15)","decl":{"start":{"line":67,"column":1},"end":{"line":67,"column":2}},"loc":{"start":{"line":67,"column":15},"end":{"line":69,"column":2}},"line":67},"16":{"name":"(anonymous_16)","decl":{"start":{"line":73,"column":1},"end":{"line":73,"column":2}},"loc":{"start":{"line":73,"column":15},"end":{"line":75,"column":2}},"line":73},"17":{"name":"(anonymous_17)","decl":{"start":{"line":79,"column":1},"end":{"line":79,"column":2}},"loc":{"start":{"line":79,"column":15},"end":{"line":81,"column":2}},"line":79},"18":{"name":"(anonymous_18)","decl":{"start":{"line":85,"column":1},"end":{"line":85,"column":2}},"loc":{"start":{"line":85,"column":15},"end":{"line":87,"column":2}},"line":85},"19":{"name":"(anonymous_19)","decl":{"start":{"line":91,"column":1},"end":{"line":91,"column":2}},"loc":{"start":{"line":91,"column":15},"end":{"line":93,"column":2}},"line":91},"20":{"name":"(anonymous_20)","decl":{"start":{"line":97,"column":1},"end":{"line":97,"column":2}},"loc":{"start":{"line":97,"column":15},"end":{"line":99,"column":2}},"line":97}},"branchMap":{},"s":{"0":1,"1":1,"2":1,"3":1,"4":1,"5":1,"6":1,"7":1,"8":1,"9":1,"10":1,"11":1,"12":1,"13":1,"14":1,"15":1,"16":1,"17":1,"18":1,"19":1,"20":1,"21":1,"22":1},"f":{"0":1,"1":1,"2":1,"3":1,"4":1,"5":1,"6":1,"7":1,"8":1,"9":1,"10":1,"11":1,"12":1,"13":1,"14":1,"15":1,"16":1,"17":1,"18":1,"19":1,"20":1},"b":{},"_coverageSchema":"1a1c01bbd47fc00a2c39e90264f33305004495a9","hash":"90c12402b201b05d80e7dd2a9c3adb22a5781df5"}
}
