TN:
SF:Matrix.js
FN:12,(anonymous_0)
FN:21,(anonymous_1)
FN:25,(anonymous_2)
FN:26,(anonymous_3)
FN:27,(anonymous_4)
FN:40,(anonymous_5)
FN:45,(anonymous_6)
FN:46,(anonymous_7)
FN:47,(anonymous_8)
FN:58,(anonymous_9)
FN:61,(anonymous_10)
FN:72,(anonymous_11)
FN:101,(anonymous_12)
FN:123,(anonymous_13)
FN:132,(anonymous_14)
FN:145,(anonymous_15)
FN:151,(anonymous_16)
FN:152,(anonymous_17)
FN:159,(anonymous_18)
FN:164,(anonymous_19)
FN:184,(anonymous_20)
FN:185,(anonymous_21)
FNF:22
FNH:20
FNDA:49,(anonymous_0)
FNDA:7,(anonymous_1)
FNDA:5,(anonymous_2)
FNDA:5,(anonymous_3)
FNDA:22,(anonymous_4)
FNDA:3,(anonymous_5)
FNDA:4,(anonymous_6)
FNDA:2,(anonymous_7)
FNDA:10,(anonymous_8)
FNDA:4,(anonymous_9)
FNDA:10,(anonymous_10)
FNDA:5,(anonymous_11)
FNDA:4,(anonymous_12)
FNDA:9,(anonymous_13)
FNDA:13,(anonymous_14)
FNDA:2,(anonymous_15)
FNDA:10,(anonymous_16)
FNDA:24,(anonymous_17)
FNDA:18,(anonymous_18)
FNDA:4,(anonymous_19)
FNDA:0,(anonymous_20)
FNDA:0,(anonymous_21)
DA:1,8
DA:2,8
DA:4,8
DA:13,49
DA:22,7
DA:24,3
DA:25,5
DA:27,22
DA:30,3
DA:32,2
DA:41,3
DA:42,1
DA:44,2
DA:45,4
DA:47,10
DA:50,2
DA:59,4
DA:61,10
DA:63,2
DA:73,5
DA:75,5
DA:76,3
DA:80,2
DA:82,2
DA:83,5
DA:84,5
DA:85,10
DA:86,10
DA:87,26
DA:89,10
DA:91,5
DA:94,2
DA:102,4
DA:104,4
DA:105,8
DA:107,8
DA:108,21
DA:111,8
DA:114,3
DA:128,9
DA:129,4
DA:132,13
DA:134,5
DA:146,2
DA:148,1
DA:152,10
DA:153,24
DA:154,22
DA:156,22
DA:159,8
DA:160,18
DA:165,4
DA:167,4
DA:169,4
DA:170,8
DA:173,4
DA:177,8
DA:180,8
DA:185,0
DA:186,0
LF:60
LH:58
BRDA:22,0,0,2
BRDA:22,0,1,3
BRDA:30,1,0,1
BRDA:30,1,1,2
BRDA:41,2,0,1
BRDA:41,2,1,2
BRDA:59,3,0,2
BRDA:59,3,1,2
BRDA:75,4,0,3
BRDA:75,4,1,2
BRDA:128,5,0,4
BRDA:128,5,1,5
BRDA:128,6,0,9
BRDA:128,6,1,8
BRDA:128,6,2,7
BRDA:146,7,0,1
BRDA:146,7,1,1
BRDA:146,8,0,2
BRDA:146,8,1,1
BRDA:146,8,2,1
BRDA:160,9,0,18
BRDA:160,9,1,16
BRDA:186,10,0,0
BRDA:186,10,1,0
BRF:24
BRH:22
end_of_record
TN:
SF:Parser.js
FN:8,(anonymous_0)
FNF:1
FNH:1
FNDA:8,(anonymous_0)
DA:1,1
DA:2,1
DA:4,1
DA:5,1
DA:9,8
DA:10,1
DA:13,7
DA:15,1
DA:18,1
DA:21,1
DA:24,1
DA:27,1
DA:30,2
DA:32,2
DA:33,1
DA:36,1
DA:40,1
LF:17
LH:17
BRDA:9,0,0,1
BRDA:9,0,1,7
BRDA:13,1,0,1
BRDA:13,1,1,1
BRDA:13,1,2,1
BRDA:13,1,3,1
BRDA:13,1,4,1
BRDA:32,2,0,1
BRDA:32,2,1,1
BRF:9
BRH:9
end_of_record
TN:
SF:Token.js
FN:2,(anonymous_0)
FN:6,(anonymous_1)
FN:10,(anonymous_2)
FN:14,(anonymous_3)
FN:18,(anonymous_4)
FN:22,(anonymous_5)
FN:26,(anonymous_6)
FN:30,(anonymous_7)
FN:34,(anonymous_8)
FN:38,(anonymous_9)
FN:42,(anonymous_10)
FN:46,(anonymous_11)
FN:50,(anonymous_12)
FN:54,(anonymous_13)
FN:60,(anonymous_14)
FN:67,(anonymous_15)
FN:73,(anonymous_16)
FN:79,(anonymous_17)
FN:85,(anonymous_18)
FN:91,(anonymous_19)
FN:97,(anonymous_20)
FNF:21
FNH:21
FNDA:1,(anonymous_0)
FNDA:1,(anonymous_1)
FNDA:1,(anonymous_2)
FNDA:1,(anonymous_3)
FNDA:1,(anonymous_4)
FNDA:1,(anonymous_5)
FNDA:1,(anonymous_6)
FNDA:1,(anonymous_7)
FNDA:1,(anonymous_8)
FNDA:1,(anonymous_9)
FNDA:1,(anonymous_10)
FNDA:1,(anonymous_11)
FNDA:1,(anonymous_12)
FNDA:1,(anonymous_13)
FNDA:1,(anonymous_14)
FNDA:1,(anonymous_15)
FNDA:1,(anonymous_16)
FNDA:1,(anonymous_17)
FNDA:1,(anonymous_18)
FNDA:1,(anonymous_19)
FNDA:1,(anonymous_20)
DA:3,1
DA:7,1
DA:11,1
DA:15,1
DA:19,1
DA:23,1
DA:27,1
DA:31,1
DA:35,1
DA:39,1
DA:43,1
DA:47,1
DA:51,1
DA:55,1
DA:61,1
DA:62,1
DA:68,1
DA:74,1
DA:80,1
DA:86,1
DA:92,1
DA:98,1
DA:102,1
LF:23
LH:23
BRF:0
BRH:0
end_of_record
