<?xml version="1.0" encoding="UTF-8"?>
<coverage generated="1587626376939" clover="3.2.0">
  <project timestamp="1587626376939" name="All files">
    <metrics statements="156" coveredstatements="154" conditionals="63" coveredconditionals="61" methods="52" coveredmethods="50" elements="271" coveredelements="265" complexity="0" loc="156" ncloc="156" packages="1" files="4" classes="4"/>
    <file name="Calc.js" path="C:\Users\ZenyutkinN\Documents\My\Master education\2 semester\Software quality\Lab-Unit-Testing\Calc.js">
      <metrics statements="47" coveredstatements="47" conditionals="29" coveredconditionals="29" methods="5" coveredmethods="5"/>
      <line num="1" count="5" type="stmt"/>
      <line num="2" count="5" type="stmt"/>
      <line num="3" count="5" type="stmt"/>
      <line num="7" count="18" type="cond" truecount="2" falsecount="0"/>
      <line num="9" count="17" type="stmt"/>
      <line num="10" count="17" type="stmt"/>
      <line num="11" count="17" type="stmt"/>
      <line num="12" count="17" type="stmt"/>
      <line num="14" count="17" type="stmt"/>
      <line num="23" count="17" type="stmt"/>
      <line num="29" count="17" type="stmt"/>
      <line num="33" count="16" type="stmt"/>
      <line num="37" count="37" type="stmt"/>
      <line num="39" count="37" type="cond" truecount="2" falsecount="0"/>
      <line num="40" count="36" type="cond" truecount="2" falsecount="0"/>
      <line num="42" count="33" type="cond" truecount="3" falsecount="0"/>
      <line num="44" count="15" type="cond" truecount="2" falsecount="0"/>
      <line num="45" count="13" type="stmt"/>
      <line num="46" count="13" type="stmt"/>
      <line num="48" count="13" type="stmt"/>
      <line num="50" count="2" type="stmt"/>
      <line num="54" count="11" type="cond" truecount="2" falsecount="0"/>
      <line num="61" count="9" type="stmt"/>
      <line num="62" count="9" type="stmt"/>
      <line num="64" count="9" type="stmt"/>
      <line num="65" count="2" type="cond" truecount="2" falsecount="0"/>
      <line num="66" count="1" type="stmt"/>
      <line num="67" count="1" type="stmt"/>
      <line num="69" count="1" type="stmt"/>
      <line num="73" count="7" type="cond" truecount="2" falsecount="0"/>
      <line num="74" count="6" type="stmt"/>
      <line num="75" count="6" type="stmt"/>
      <line num="77" count="6" type="cond" truecount="2" falsecount="0"/>
      <line num="79" count="5" type="stmt"/>
      <line num="80" count="5" type="stmt"/>
      <line num="82" count="5" type="stmt"/>
      <line num="84" count="1" type="stmt"/>
      <line num="90" count="18" type="stmt"/>
      <line num="91" count="18" type="stmt"/>
      <line num="92" count="18" type="stmt"/>
      <line num="96" count="6" type="cond" truecount="5" falsecount="0"/>
      <line num="98" count="2" type="stmt"/>
      <line num="101" count="1" type="stmt"/>
      <line num="104" count="1" type="stmt"/>
      <line num="107" count="1" type="stmt"/>
      <line num="110" count="1" type="stmt"/>
      <line num="115" count="5" type="stmt"/>
    </file>
    <file name="Matrix.js" path="C:\Users\ZenyutkinN\Documents\My\Master education\2 semester\Software quality\Lab-Unit-Testing\Matrix.js">
      <metrics statements="60" coveredstatements="58" conditionals="24" coveredconditionals="22" methods="22" coveredmethods="20"/>
      <line num="1" count="13" type="stmt"/>
      <line num="2" count="13" type="stmt"/>
      <line num="4" count="13" type="stmt"/>
      <line num="13" count="107" type="stmt"/>
      <line num="22" count="9" type="cond" truecount="2" falsecount="0"/>
      <line num="24" count="5" type="stmt"/>
      <line num="25" count="7" type="stmt"/>
      <line num="27" count="40" type="stmt"/>
      <line num="30" count="5" type="cond" truecount="2" falsecount="0"/>
      <line num="32" count="4" type="stmt"/>
      <line num="41" count="7" type="cond" truecount="2" falsecount="0"/>
      <line num="42" count="1" type="stmt"/>
      <line num="44" count="6" type="stmt"/>
      <line num="45" count="12" type="stmt"/>
      <line num="47" count="46" type="stmt"/>
      <line num="50" count="6" type="stmt"/>
      <line num="59" count="4" type="cond" truecount="2" falsecount="0"/>
      <line num="61" count="10" type="stmt"/>
      <line num="63" count="2" type="stmt"/>
      <line num="73" count="7" type="stmt"/>
      <line num="75" count="7" type="cond" truecount="2" falsecount="0"/>
      <line num="76" count="3" type="stmt"/>
      <line num="80" count="4" type="stmt"/>
      <line num="82" count="4" type="stmt"/>
      <line num="83" count="11" type="stmt"/>
      <line num="84" count="11" type="stmt"/>
      <line num="85" count="28" type="stmt"/>
      <line num="86" count="28" type="stmt"/>
      <line num="87" count="80" type="stmt"/>
      <line num="89" count="28" type="stmt"/>
      <line num="91" count="11" type="stmt"/>
      <line num="94" count="4" type="stmt"/>
      <line num="102" count="6" type="stmt"/>
      <line num="104" count="6" type="stmt"/>
      <line num="105" count="14" type="stmt"/>
      <line num="107" count="14" type="stmt"/>
      <line num="108" count="39" type="stmt"/>
      <line num="111" count="14" type="stmt"/>
      <line num="114" count="5" type="stmt"/>
      <line num="128" count="21" type="cond" truecount="5" falsecount="0"/>
      <line num="129" count="4" type="stmt"/>
      <line num="132" count="49" type="stmt"/>
      <line num="134" count="17" type="stmt"/>
      <line num="146" count="2" type="cond" truecount="5" falsecount="0"/>
      <line num="148" count="1" type="stmt"/>
      <line num="152" count="16" type="stmt"/>
      <line num="153" count="36" type="stmt"/>
      <line num="154" count="34" type="stmt"/>
      <line num="156" count="34" type="stmt"/>
      <line num="159" count="14" type="stmt"/>
      <line num="160" count="30" type="cond" truecount="2" falsecount="0"/>
      <line num="165" count="8" type="stmt"/>
      <line num="167" count="8" type="stmt"/>
      <line num="169" count="8" type="stmt"/>
      <line num="170" count="20" type="stmt"/>
      <line num="173" count="8" type="stmt"/>
      <line num="177" count="13" type="stmt"/>
      <line num="180" count="13" type="stmt"/>
      <line num="185" count="0" type="stmt"/>
      <line num="186" count="0" type="cond" truecount="0" falsecount="2"/>
    </file>
    <file name="Parser.js" path="C:\Users\ZenyutkinN\Documents\My\Master education\2 semester\Software quality\Lab-Unit-Testing\Parser.js">
      <metrics statements="18" coveredstatements="18" conditionals="10" coveredconditionals="10" methods="1" coveredmethods="1"/>
      <line num="1" count="6" type="stmt"/>
      <line num="2" count="6" type="stmt"/>
      <line num="4" count="6" type="stmt"/>
      <line num="5" count="6" type="stmt"/>
      <line num="9" count="24" type="cond" truecount="2" falsecount="0"/>
      <line num="10" count="1" type="stmt"/>
      <line num="13" count="23" type="cond" truecount="6" falsecount="0"/>
      <line num="15" count="4" type="stmt"/>
      <line num="18" count="1" type="stmt"/>
      <line num="21" count="1" type="stmt"/>
      <line num="24" count="1" type="stmt"/>
      <line num="27" count="1" type="stmt"/>
      <line num="30" count="1" type="stmt"/>
      <line num="33" count="14" type="stmt"/>
      <line num="35" count="14" type="cond" truecount="2" falsecount="0"/>
      <line num="36" count="13" type="stmt"/>
      <line num="39" count="1" type="stmt"/>
      <line num="43" count="6" type="stmt"/>
    </file>
    <file name="Token.js" path="C:\Users\ZenyutkinN\Documents\My\Master education\2 semester\Software quality\Lab-Unit-Testing\Token.js">
      <metrics statements="31" coveredstatements="31" conditionals="0" coveredconditionals="0" methods="24" coveredmethods="24"/>
      <line num="3" count="23" type="stmt"/>
      <line num="7" count="12" type="stmt"/>
      <line num="11" count="7" type="stmt"/>
      <line num="15" count="6" type="stmt"/>
      <line num="19" count="5" type="stmt"/>
      <line num="23" count="4" type="stmt"/>
      <line num="27" count="3" type="stmt"/>
      <line num="31" count="37" type="stmt"/>
      <line num="35" count="21" type="stmt"/>
      <line num="39" count="7" type="stmt"/>
      <line num="43" count="2" type="stmt"/>
      <line num="47" count="2" type="stmt"/>
      <line num="51" count="2" type="stmt"/>
      <line num="55" count="2" type="stmt"/>
      <line num="59" count="4" type="stmt"/>
      <line num="63" count="22" type="stmt"/>
      <line num="69" count="21" type="stmt"/>
      <line num="70" count="21" type="stmt"/>
      <line num="76" count="7" type="stmt"/>
      <line num="77" count="7" type="stmt"/>
      <line num="83" count="2" type="stmt"/>
      <line num="84" count="2" type="stmt"/>
      <line num="90" count="2" type="stmt"/>
      <line num="91" count="2" type="stmt"/>
      <line num="97" count="2" type="stmt"/>
      <line num="98" count="2" type="stmt"/>
      <line num="104" count="2" type="stmt"/>
      <line num="105" count="2" type="stmt"/>
      <line num="111" count="4" type="stmt"/>
      <line num="117" count="22" type="stmt"/>
      <line num="121" count="6" type="stmt"/>
    </file>
  </project>
</coverage>
