{"C:\\Users\\ZenyutkinN\\Documents\\My\\Master education\\2 semester\\Software quality\\Lab-Unit-Testing\\Calc.js": {"path":"C:\\Users\\ZenyutkinN\\Documents\\My\\Master education\\2 semester\\Software quality\\Lab-Unit-Testing\\Calc.js","statementMap":{"0":{"start":{"line":1,"column":15},"end":{"line":1,"column":34}},"1":{"start":{"line":2,"column":14},"end":{"line":2,"column":32}},"2":{"start":{"line":3,"column":15},"end":{"line":3,"column":34}},"3":{"start":{"line":7,"column":2},"end":{"line":7,"column":46}},"4":{"start":{"line":7,"column":28},"end":{"line":7,"column":46}},"5":{"start":{"line":9,"column":2},"end":{"line":9,"column":24}},"6":{"start":{"line":10,"column":2},"end":{"line":10,"column":19}},"7":{"start":{"line":11,"column":2},"end":{"line":11,"column":21}},"8":{"start":{"line":12,"column":2},"end":{"line":12,"column":26}},"9":{"start":{"line":14,"column":2},"end":{"line":21,"column":4}},"10":{"start":{"line":23,"column":2},"end":{"line":27,"column":4}},"11":{"start":{"line":29,"column":2},"end":{"line":29,"column":20}},"12":{"start":{"line":33,"column":2},"end":{"line":33,"column":19}},"13":{"start":{"line":37,"column":16},"end":{"line":37,"column":47}},"14":{"start":{"line":39,"column":2},"end":{"line":39,"column":49}},"15":{"start":{"line":39,"column":22},"end":{"line":39,"column":49}},"16":{"start":{"line":40,"column":2},"end":{"line":40,"column":75}},"17":{"start":{"line":40,"column":38},"end":{"line":40,"column":75}},"18":{"start":{"line":42,"column":2},"end":{"line":86,"column":3}},"19":{"start":{"line":44,"column":4},"end":{"line":51,"column":5}},"20":{"start":{"line":45,"column":5},"end":{"line":45,"column":29}},"21":{"start":{"line":46,"column":5},"end":{"line":46,"column":53}},"22":{"start":{"line":48,"column":5},"end":{"line":48,"column":36}},"23":{"start":{"line":50,"column":5},"end":{"line":50,"column":44}},"24":{"start":{"line":54,"column":4},"end":{"line":70,"column":5}},"25":{"start":{"line":61,"column":5},"end":{"line":61,"column":53}},"26":{"start":{"line":62,"column":5},"end":{"line":62,"column":30}},"27":{"start":{"line":64,"column":5},"end":{"line":64,"column":36}},"28":{"start":{"line":65,"column":11},"end":{"line":70,"column":5}},"29":{"start":{"line":66,"column":5},"end":{"line":66,"column":23}},"30":{"start":{"line":67,"column":5},"end":{"line":67,"column":36}},"31":{"start":{"line":69,"column":5},"end":{"line":69,"column":46}},"32":{"start":{"line":73,"column":4},"end":{"line":85,"column":5}},"33":{"start":{"line":74,"column":17},"end":{"line":74,"column":28}},"34":{"start":{"line":75,"column":20},"end":{"line":75,"column":81}},"35":{"start":{"line":77,"column":5},"end":{"line":77,"column":63}},"36":{"start":{"line":77,"column":26},"end":{"line":77,"column":63}},"37":{"start":{"line":79,"column":5},"end":{"line":79,"column":24}},"38":{"start":{"line":80,"column":5},"end":{"line":80,"column":49}},"39":{"start":{"line":82,"column":5},"end":{"line":82,"column":36}},"40":{"start":{"line":84,"column":5},"end":{"line":84,"column":44}},"41":{"start":{"line":90,"column":2},"end":{"line":90,"column":55}},"42":{"start":{"line":91,"column":2},"end":{"line":91,"column":44}},"43":{"start":{"line":92,"column":2},"end":{"line":92,"column":27}},"44":{"start":{"line":96,"column":2},"end":{"line":111,"column":3}},"45":{"start":{"line":98,"column":4},"end":{"line":98,"column":36}},"46":{"start":{"line":101,"column":4},"end":{"line":101,"column":36}},"47":{"start":{"line":104,"column":4},"end":{"line":104,"column":32}},"48":{"start":{"line":107,"column":4},"end":{"line":107,"column":27}},"49":{"start":{"line":110,"column":4},"end":{"line":110,"column":16}},"50":{"start":{"line":115,"column":0},"end":{"line":115,"column":22}}},"fnMap":{"0":{"name":"(anonymous_0)","decl":{"start":{"line":6,"column":1},"end":{"line":6,"column":2}},"loc":{"start":{"line":6,"column":21},"end":{"line":30,"column":2}},"line":6},"1":{"name":"(anonymous_1)","decl":{"start":{"line":32,"column":1},"end":{"line":32,"column":2}},"loc":{"start":{"line":32,"column":7},"end":{"line":34,"column":2}},"line":32},"2":{"name":"(anonymous_2)","decl":{"start":{"line":36,"column":1},"end":{"line":36,"column":2}},"loc":{"start":{"line":36,"column":13},"end":{"line":87,"column":2}},"line":36},"3":{"name":"(anonymous_3)","decl":{"start":{"line":89,"column":1},"end":{"line":89,"column":2}},"loc":{"start":{"line":89,"column":14},"end":{"line":93,"column":2}},"line":89},"4":{"name":"(anonymous_4)","decl":{"start":{"line":95,"column":1},"end":{"line":95,"column":2}},"loc":{"start":{"line":95,"column":36},"end":{"line":112,"column":2}},"line":95}},"branchMap":{"0":{"loc":{"start":{"line":7,"column":2},"end":{"line":7,"column":46}},"type":"if","locations":[{"start":{"line":7,"column":2},"end":{"line":7,"column":46}},{"start":{"line":7,"column":2},"end":{"line":7,"column":46}}],"line":7},"1":{"loc":{"start":{"line":39,"column":2},"end":{"line":39,"column":49}},"type":"if","locations":[{"start":{"line":39,"column":2},"end":{"line":39,"column":49}},{"start":{"line":39,"column":2},"end":{"line":39,"column":49}}],"line":39},"2":{"loc":{"start":{"line":40,"column":2},"end":{"line":40,"column":75}},"type":"if","locations":[{"start":{"line":40,"column":2},"end":{"line":40,"column":75}},{"start":{"line":40,"column":2},"end":{"line":40,"column":75}}],"line":40},"3":{"loc":{"start":{"line":42,"column":2},"end":{"line":86,"column":3}},"type":"switch","locations":[{"start":{"line":43,"column":3},"end":{"line":51,"column":5}},{"start":{"line":53,"column":3},"end":{"line":70,"column":5}},{"start":{"line":72,"column":3},"end":{"line":85,"column":5}}],"line":42},"4":{"loc":{"start":{"line":44,"column":4},"end":{"line":51,"column":5}},"type":"if","locations":[{"start":{"line":44,"column":4},"end":{"line":51,"column":5}},{"start":{"line":44,"column":4},"end":{"line":51,"column":5}}],"line":44},"5":{"loc":{"start":{"line":54,"column":4},"end":{"line":70,"column":5}},"type":"if","locations":[{"start":{"line":54,"column":4},"end":{"line":70,"column":5}},{"start":{"line":54,"column":4},"end":{"line":70,"column":5}}],"line":54},"6":{"loc":{"start":{"line":55,"column":5},"end":{"line":59,"column":35}},"type":"binary-expr","locations":[{"start":{"line":55,"column":5},"end":{"line":55,"column":34}},{"start":{"line":56,"column":5},"end":{"line":56,"column":35}},{"start":{"line":57,"column":5},"end":{"line":57,"column":34}},{"start":{"line":58,"column":5},"end":{"line":58,"column":33}},{"start":{"line":59,"column":5},"end":{"line":59,"column":35}}],"line":55},"7":{"loc":{"start":{"line":65,"column":11},"end":{"line":70,"column":5}},"type":"if","locations":[{"start":{"line":65,"column":11},"end":{"line":70,"column":5}},{"start":{"line":65,"column":11},"end":{"line":70,"column":5}}],"line":65},"8":{"loc":{"start":{"line":73,"column":4},"end":{"line":85,"column":5}},"type":"if","locations":[{"start":{"line":73,"column":4},"end":{"line":85,"column":5}},{"start":{"line":73,"column":4},"end":{"line":85,"column":5}}],"line":73},"9":{"loc":{"start":{"line":77,"column":5},"end":{"line":77,"column":63}},"type":"if","locations":[{"start":{"line":77,"column":5},"end":{"line":77,"column":63}},{"start":{"line":77,"column":5},"end":{"line":77,"column":63}}],"line":77},"10":{"loc":{"start":{"line":96,"column":2},"end":{"line":111,"column":3}},"type":"switch","locations":[{"start":{"line":97,"column":3},"end":{"line":98,"column":36}},{"start":{"line":100,"column":3},"end":{"line":101,"column":36}},{"start":{"line":103,"column":3},"end":{"line":104,"column":32}},{"start":{"line":106,"column":3},"end":{"line":107,"column":27}},{"start":{"line":109,"column":3},"end":{"line":110,"column":16}}],"line":96}},"s":{"0":5,"1":5,"2":5,"3":18,"4":1,"5":17,"6":17,"7":17,"8":17,"9":17,"10":17,"11":17,"12":16,"13":37,"14":37,"15":1,"16":36,"17":3,"18":33,"19":15,"20":13,"21":13,"22":13,"23":2,"24":11,"25":9,"26":9,"27":9,"28":2,"29":1,"30":1,"31":1,"32":7,"33":6,"34":6,"35":6,"36":1,"37":5,"38":5,"39":5,"40":1,"41":18,"42":18,"43":18,"44":6,"45":2,"46":1,"47":1,"48":1,"49":1,"50":5},"f":{"0":18,"1":16,"2":37,"3":18,"4":6},"b":{"0":[1,17],"1":[1,36],"2":[3,33],"3":[15,11,7],"4":[13,2],"5":[9,2],"6":[11,6,5,4,3],"7":[1,1],"8":[6,1],"9":[1,5],"10":[2,1,1,1,1]},"_coverageSchema":"1a1c01bbd47fc00a2c39e90264f33305004495a9","hash":"cb2578681c5095780054b6facaab79d67ced8c55"}
,"C:\\Users\\ZenyutkinN\\Documents\\My\\Master education\\2 semester\\Software quality\\Lab-Unit-Testing\\Matrix.js": {"path":"C:\\Users\\ZenyutkinN\\Documents\\My\\Master education\\2 semester\\Software quality\\Lab-Unit-Testing\\Matrix.js","statementMap":{"0":{"start":{"line":1,"column":11},"end":{"line":1,"column":24}},"1":{"start":{"line":2,"column":13},"end":{"line":2,"column":28}},"2":{"start":{"line":4,"column":14},"end":{"line":4,"column":42}},"3":{"start":{"line":13,"column":2},"end":{"line":13,"column":23}},"4":{"start":{"line":22,"column":2},"end":{"line":22,"column":50}},"5":{"start":{"line":22,"column":37},"end":{"line":22,"column":50}},"6":{"start":{"line":24,"column":24},"end":{"line":28,"column":5}},"7":{"start":{"line":25,"column":18},"end":{"line":25,"column":31}},"8":{"start":{"line":27,"column":4},"end":{"line":27,"column":62}},"9":{"start":{"line":27,"column":36},"end":{"line":27,"column":60}},"10":{"start":{"line":30,"column":2},"end":{"line":30,"column":35}},"11":{"start":{"line":30,"column":22},"end":{"line":30,"column":35}},"12":{"start":{"line":32,"column":2},"end":{"line":32,"column":14}},"13":{"start":{"line":41,"column":2},"end":{"line":42,"column":65}},"14":{"start":{"line":42,"column":3},"end":{"line":42,"column":65}},"15":{"start":{"line":44,"column":24},"end":{"line":48,"column":5}},"16":{"start":{"line":45,"column":18},"end":{"line":45,"column":31}},"17":{"start":{"line":47,"column":4},"end":{"line":47,"column":54}},"18":{"start":{"line":47,"column":37},"end":{"line":47,"column":52}},"19":{"start":{"line":50,"column":2},"end":{"line":50,"column":63}},"20":{"start":{"line":59,"column":2},"end":{"line":59,"column":54}},"21":{"start":{"line":59,"column":34},"end":{"line":59,"column":54}},"22":{"start":{"line":61,"column":25},"end":{"line":61,"column":70}},"23":{"start":{"line":61,"column":56},"end":{"line":61,"column":69}},"24":{"start":{"line":63,"column":2},"end":{"line":63,"column":64}},"25":{"start":{"line":73,"column":12},"end":{"line":73,"column":23}},"26":{"start":{"line":75,"column":2},"end":{"line":78,"column":5}},"27":{"start":{"line":76,"column":3},"end":{"line":78,"column":5}},"28":{"start":{"line":80,"column":21},"end":{"line":80,"column":23}},"29":{"start":{"line":82,"column":2},"end":{"line":92,"column":3}},"30":{"start":{"line":82,"column":15},"end":{"line":82,"column":16}},"31":{"start":{"line":83,"column":18},"end":{"line":83,"column":20}},"32":{"start":{"line":84,"column":3},"end":{"line":90,"column":4}},"33":{"start":{"line":84,"column":16},"end":{"line":84,"column":17}},"34":{"start":{"line":85,"column":18},"end":{"line":85,"column":19}},"35":{"start":{"line":86,"column":4},"end":{"line":88,"column":5}},"36":{"start":{"line":86,"column":17},"end":{"line":86,"column":18}},"37":{"start":{"line":87,"column":5},"end":{"line":87,"column":34}},"38":{"start":{"line":89,"column":4},"end":{"line":89,"column":25}},"39":{"start":{"line":91,"column":3},"end":{"line":91,"column":27}},"40":{"start":{"line":94,"column":2},"end":{"line":94,"column":20}},"41":{"start":{"line":102,"column":20},"end":{"line":102,"column":22}},"42":{"start":{"line":104,"column":2},"end":{"line":112,"column":3}},"43":{"start":{"line":104,"column":15},"end":{"line":104,"column":16}},"44":{"start":{"line":105,"column":18},"end":{"line":105,"column":20}},"45":{"start":{"line":107,"column":3},"end":{"line":109,"column":4}},"46":{"start":{"line":107,"column":16},"end":{"line":107,"column":17}},"47":{"start":{"line":108,"column":4},"end":{"line":108,"column":35}},"48":{"start":{"line":111,"column":3},"end":{"line":111,"column":26}},"49":{"start":{"line":114,"column":2},"end":{"line":114,"column":19}},"50":{"start":{"line":128,"column":2},"end":{"line":130,"column":3}},"51":{"start":{"line":129,"column":3},"end":{"line":129,"column":15}},"52":{"start":{"line":132,"column":17},"end":{"line":132,"column":83}},"53":{"start":{"line":132,"column":55},"end":{"line":132,"column":82}},"54":{"start":{"line":134,"column":2},"end":{"line":134,"column":28}},"55":{"start":{"line":146,"column":2},"end":{"line":146,"column":46}},"56":{"start":{"line":146,"column":34},"end":{"line":146,"column":46}},"57":{"start":{"line":148,"column":2},"end":{"line":148,"column":15}},"58":{"start":{"line":152,"column":16},"end":{"line":157,"column":4}},"59":{"start":{"line":153,"column":13},"end":{"line":153,"column":29}},"60":{"start":{"line":154,"column":13},"end":{"line":154,"column":26}},"61":{"start":{"line":156,"column":3},"end":{"line":156,"column":19}},"62":{"start":{"line":159,"column":2},"end":{"line":161,"column":5}},"63":{"start":{"line":160,"column":3},"end":{"line":160,"column":47}},"64":{"start":{"line":165,"column":12},"end":{"line":165,"column":32}},"65":{"start":{"line":167,"column":20},"end":{"line":167,"column":22}},"66":{"start":{"line":169,"column":2},"end":{"line":171,"column":3}},"67":{"start":{"line":170,"column":3},"end":{"line":170,"column":44}},"68":{"start":{"line":173,"column":2},"end":{"line":173,"column":19}},"69":{"start":{"line":177,"column":0},"end":{"line":177,"column":24}},"70":{"start":{"line":180,"column":0},"end":{"line":188,"column":4}},"71":{"start":{"line":185,"column":2},"end":{"line":187,"column":5}},"72":{"start":{"line":186,"column":3},"end":{"line":186,"column":18}},"73":{"start":{"line":186,"column":10},"end":{"line":186,"column":18}}},"fnMap":{"0":{"name":"(anonymous_0)","decl":{"start":{"line":12,"column":1},"end":{"line":12,"column":2}},"loc":{"start":{"line":12,"column":21},"end":{"line":14,"column":2}},"line":12},"1":{"name":"(anonymous_1)","decl":{"start":{"line":21,"column":1},"end":{"line":21,"column":2}},"loc":{"start":{"line":21,"column":23},"end":{"line":33,"column":2}},"line":21},"2":{"name":"(anonymous_2)","decl":{"start":{"line":25,"column":8},"end":{"line":25,"column":9}},"loc":{"start":{"line":25,"column":18},"end":{"line":25,"column":31}},"line":25},"3":{"name":"(anonymous_3)","decl":{"start":{"line":26,"column":10},"end":{"line":26,"column":11}},"loc":{"start":{"line":26,"column":33},"end":{"line":28,"column":4}},"line":26},"4":{"name":"(anonymous_4)","decl":{"start":{"line":27,"column":21},"end":{"line":27,"column":22}},"loc":{"start":{"line":27,"column":36},"end":{"line":27,"column":60}},"line":27},"5":{"name":"(anonymous_5)","decl":{"start":{"line":40,"column":1},"end":{"line":40,"column":2}},"loc":{"start":{"line":40,"column":23},"end":{"line":51,"column":2}},"line":40},"6":{"name":"(anonymous_6)","decl":{"start":{"line":45,"column":8},"end":{"line":45,"column":9}},"loc":{"start":{"line":45,"column":18},"end":{"line":45,"column":31}},"line":45},"7":{"name":"(anonymous_7)","decl":{"start":{"line":46,"column":11},"end":{"line":46,"column":12}},"loc":{"start":{"line":46,"column":28},"end":{"line":48,"column":4}},"line":46},"8":{"name":"(anonymous_8)","decl":{"start":{"line":47,"column":22},"end":{"line":47,"column":23}},"loc":{"start":{"line":47,"column":37},"end":{"line":47,"column":52}},"line":47},"9":{"name":"(anonymous_9)","decl":{"start":{"line":58,"column":1},"end":{"line":58,"column":2}},"loc":{"start":{"line":58,"column":20},"end":{"line":64,"column":2}},"line":58},"10":{"name":"(anonymous_10)","decl":{"start":{"line":61,"column":48},"end":{"line":61,"column":49}},"loc":{"start":{"line":61,"column":56},"end":{"line":61,"column":69}},"line":61},"11":{"name":"(anonymous_11)","decl":{"start":{"line":72,"column":1},"end":{"line":72,"column":2}},"loc":{"start":{"line":72,"column":9},"end":{"line":95,"column":2}},"line":72},"12":{"name":"(anonymous_12)","decl":{"start":{"line":101,"column":1},"end":{"line":101,"column":2}},"loc":{"start":{"line":101,"column":13},"end":{"line":115,"column":2}},"line":101},"13":{"name":"(anonymous_13)","decl":{"start":{"line":123,"column":1},"end":{"line":123,"column":2}},"loc":{"start":{"line":123,"column":12},"end":{"line":135,"column":2}},"line":123},"14":{"name":"(anonymous_14)","decl":{"start":{"line":132,"column":47},"end":{"line":132,"column":48}},"loc":{"start":{"line":132,"column":55},"end":{"line":132,"column":82}},"line":132},"15":{"name":"(anonymous_15)","decl":{"start":{"line":145,"column":1},"end":{"line":145,"column":2}},"loc":{"start":{"line":145,"column":27},"end":{"line":149,"column":2}},"line":145},"16":{"name":"(anonymous_16)","decl":{"start":{"line":151,"column":1},"end":{"line":151,"column":2}},"loc":{"start":{"line":151,"column":25},"end":{"line":162,"column":2}},"line":151},"17":{"name":"(anonymous_17)","decl":{"start":{"line":152,"column":47},"end":{"line":152,"column":48}},"loc":{"start":{"line":152,"column":57},"end":{"line":157,"column":3}},"line":152},"18":{"name":"(anonymous_18)","decl":{"start":{"line":159,"column":21},"end":{"line":159,"column":22}},"loc":{"start":{"line":159,"column":35},"end":{"line":161,"column":3}},"line":159},"19":{"name":"(anonymous_19)","decl":{"start":{"line":164,"column":1},"end":{"line":164,"column":2}},"loc":{"start":{"line":164,"column":47},"end":{"line":174,"column":2}},"line":164},"20":{"name":"(anonymous_20)","decl":{"start":{"line":184,"column":7},"end":{"line":184,"column":8}},"loc":{"start":{"line":184,"column":13},"end":{"line":188,"column":2}},"line":184},"21":{"name":"(anonymous_21)","decl":{"start":{"line":185,"column":57},"end":{"line":185,"column":58}},"loc":{"start":{"line":185,"column":62},"end":{"line":187,"column":3}},"line":185}},"branchMap":{"0":{"loc":{"start":{"line":22,"column":2},"end":{"line":22,"column":50}},"type":"if","locations":[{"start":{"line":22,"column":2},"end":{"line":22,"column":50}},{"start":{"line":22,"column":2},"end":{"line":22,"column":50}}],"line":22},"1":{"loc":{"start":{"line":30,"column":2},"end":{"line":30,"column":35}},"type":"if","locations":[{"start":{"line":30,"column":2},"end":{"line":30,"column":35}},{"start":{"line":30,"column":2},"end":{"line":30,"column":35}}],"line":30},"2":{"loc":{"start":{"line":41,"column":2},"end":{"line":42,"column":65}},"type":"if","locations":[{"start":{"line":41,"column":2},"end":{"line":42,"column":65}},{"start":{"line":41,"column":2},"end":{"line":42,"column":65}}],"line":41},"3":{"loc":{"start":{"line":59,"column":2},"end":{"line":59,"column":54}},"type":"if","locations":[{"start":{"line":59,"column":2},"end":{"line":59,"column":54}},{"start":{"line":59,"column":2},"end":{"line":59,"column":54}}],"line":59},"4":{"loc":{"start":{"line":75,"column":2},"end":{"line":78,"column":5}},"type":"if","locations":[{"start":{"line":75,"column":2},"end":{"line":78,"column":5}},{"start":{"line":75,"column":2},"end":{"line":78,"column":5}}],"line":75},"5":{"loc":{"start":{"line":128,"column":2},"end":{"line":130,"column":3}},"type":"if","locations":[{"start":{"line":128,"column":2},"end":{"line":130,"column":3}},{"start":{"line":128,"column":2},"end":{"line":130,"column":3}}],"line":128},"6":{"loc":{"start":{"line":128,"column":6},"end":{"line":128,"column":66}},"type":"binary-expr","locations":[{"start":{"line":128,"column":6},"end":{"line":128,"column":29}},{"start":{"line":128,"column":33},"end":{"line":128,"column":43}},{"start":{"line":128,"column":47},"end":{"line":128,"column":66}}],"line":128},"7":{"loc":{"start":{"line":146,"column":2},"end":{"line":146,"column":46}},"type":"if","locations":[{"start":{"line":146,"column":2},"end":{"line":146,"column":46}},{"start":{"line":146,"column":2},"end":{"line":146,"column":46}}],"line":146},"8":{"loc":{"start":{"line":146,"column":6},"end":{"line":146,"column":32}},"type":"binary-expr","locations":[{"start":{"line":146,"column":6},"end":{"line":146,"column":12}},{"start":{"line":146,"column":16},"end":{"line":146,"column":22}},{"start":{"line":146,"column":26},"end":{"line":146,"column":32}}],"line":146},"9":{"loc":{"start":{"line":160,"column":10},"end":{"line":160,"column":46}},"type":"binary-expr","locations":[{"start":{"line":160,"column":10},"end":{"line":160,"column":26}},{"start":{"line":160,"column":30},"end":{"line":160,"column":46}}],"line":160},"10":{"loc":{"start":{"line":186,"column":3},"end":{"line":186,"column":18}},"type":"if","locations":[{"start":{"line":186,"column":3},"end":{"line":186,"column":18}},{"start":{"line":186,"column":3},"end":{"line":186,"column":18}}],"line":186}},"s":{"0":13,"1":13,"2":13,"3":107,"4":9,"5":2,"6":5,"7":7,"8":7,"9":40,"10":5,"11":1,"12":4,"13":7,"14":1,"15":6,"16":12,"17":6,"18":46,"19":6,"20":4,"21":2,"22":2,"23":10,"24":2,"25":7,"26":7,"27":3,"28":4,"29":4,"30":4,"31":11,"32":11,"33":11,"34":28,"35":28,"36":28,"37":80,"38":28,"39":11,"40":4,"41":6,"42":6,"43":6,"44":14,"45":14,"46":14,"47":39,"48":14,"49":5,"50":21,"51":4,"52":17,"53":49,"54":17,"55":2,"56":1,"57":1,"58":16,"59":36,"60":34,"61":34,"62":14,"63":30,"64":8,"65":8,"66":8,"67":20,"68":8,"69":13,"70":13,"71":0,"72":0,"73":0},"f":{"0":107,"1":9,"2":7,"3":7,"4":40,"5":7,"6":12,"7":6,"8":46,"9":4,"10":10,"11":7,"12":6,"13":21,"14":49,"15":2,"16":16,"17":36,"18":30,"19":8,"20":0,"21":0},"b":{"0":[2,5],"1":[1,4],"2":[1,6],"3":[2,2],"4":[3,4],"5":[4,17],"6":[21,20,19],"7":[1,1],"8":[2,1,1],"9":[30,28],"10":[0,0]},"_coverageSchema":"1a1c01bbd47fc00a2c39e90264f33305004495a9","hash":"b2f7aa62c4e1645153835e7eabaab261e6793557"}
,"C:\\Users\\ZenyutkinN\\Documents\\My\\Master education\\2 semester\\Software quality\\Lab-Unit-Testing\\Parser.js": {"path":"C:\\Users\\ZenyutkinN\\Documents\\My\\Master education\\2 semester\\Software quality\\Lab-Unit-Testing\\Parser.js","statementMap":{"0":{"start":{"line":1,"column":14},"end":{"line":1,"column":32}},"1":{"start":{"line":2,"column":15},"end":{"line":2,"column":34}},"2":{"start":{"line":4,"column":14},"end":{"line":4,"column":25}},"3":{"start":{"line":5,"column":15},"end":{"line":5,"column":27}},"4":{"start":{"line":9,"column":2},"end":{"line":11,"column":3}},"5":{"start":{"line":10,"column":3},"end":{"line":10,"column":54}},"6":{"start":{"line":13,"column":2},"end":{"line":31,"column":9}},"7":{"start":{"line":15,"column":4},"end":{"line":15,"column":27}},"8":{"start":{"line":18,"column":4},"end":{"line":18,"column":28}},"9":{"start":{"line":21,"column":4},"end":{"line":21,"column":27}},"10":{"start":{"line":24,"column":4},"end":{"line":24,"column":26}},"11":{"start":{"line":27,"column":4},"end":{"line":27,"column":28}},"12":{"start":{"line":30,"column":4},"end":{"line":30,"column":34}},"13":{"start":{"line":33,"column":26},"end":{"line":33,"column":43}},"14":{"start":{"line":35,"column":8},"end":{"line":37,"column":9}},"15":{"start":{"line":36,"column":12},"end":{"line":36,"column":45}},"16":{"start":{"line":39,"column":2},"end":{"line":39,"column":26}},"17":{"start":{"line":43,"column":0},"end":{"line":43,"column":24}}},"fnMap":{"0":{"name":"(anonymous_0)","decl":{"start":{"line":8,"column":1},"end":{"line":8,"column":2}},"loc":{"start":{"line":8,"column":18},"end":{"line":40,"column":2}},"line":8}},"branchMap":{"0":{"loc":{"start":{"line":9,"column":2},"end":{"line":11,"column":3}},"type":"if","locations":[{"start":{"line":9,"column":2},"end":{"line":11,"column":3}},{"start":{"line":9,"column":2},"end":{"line":11,"column":3}}],"line":9},"1":{"loc":{"start":{"line":13,"column":2},"end":{"line":31,"column":9}},"type":"switch","locations":[{"start":{"line":14,"column":3},"end":{"line":15,"column":27}},{"start":{"line":17,"column":3},"end":{"line":18,"column":28}},{"start":{"line":20,"column":3},"end":{"line":21,"column":27}},{"start":{"line":23,"column":3},"end":{"line":24,"column":26}},{"start":{"line":26,"column":3},"end":{"line":27,"column":28}},{"start":{"line":29,"column":3},"end":{"line":30,"column":34}}],"line":13},"2":{"loc":{"start":{"line":35,"column":8},"end":{"line":37,"column":9}},"type":"if","locations":[{"start":{"line":35,"column":8},"end":{"line":37,"column":9}},{"start":{"line":35,"column":8},"end":{"line":37,"column":9}}],"line":35}},"s":{"0":6,"1":6,"2":6,"3":6,"4":24,"5":1,"6":23,"7":4,"8":1,"9":1,"10":1,"11":1,"12":1,"13":14,"14":14,"15":13,"16":1,"17":6},"f":{"0":24},"b":{"0":[1,23],"1":[4,1,1,1,1,1],"2":[13,1]},"_coverageSchema":"1a1c01bbd47fc00a2c39e90264f33305004495a9","hash":"26319a305d2f19be5113793bd965db2a87b94862"}
,"C:\\Users\\ZenyutkinN\\Documents\\My\\Master education\\2 semester\\Software quality\\Lab-Unit-Testing\\Token.js": {"path":"C:\\Users\\ZenyutkinN\\Documents\\My\\Master education\\2 semester\\Software quality\\Lab-Unit-Testing\\Token.js","statementMap":{"0":{"start":{"line":3,"column":2},"end":{"line":3,"column":15}},"1":{"start":{"line":7,"column":2},"end":{"line":7,"column":14}},"2":{"start":{"line":11,"column":2},"end":{"line":11,"column":15}},"3":{"start":{"line":15,"column":2},"end":{"line":15,"column":14}},"4":{"start":{"line":19,"column":2},"end":{"line":19,"column":13}},"5":{"start":{"line":23,"column":2},"end":{"line":23,"column":15}},"6":{"start":{"line":27,"column":2},"end":{"line":27,"column":21}},"7":{"start":{"line":31,"column":2},"end":{"line":31,"column":15}},"8":{"start":{"line":35,"column":2},"end":{"line":35,"column":26}},"9":{"start":{"line":39,"column":2},"end":{"line":39,"column":20}},"10":{"start":{"line":43,"column":2},"end":{"line":43,"column":21}},"11":{"start":{"line":47,"column":2},"end":{"line":47,"column":20}},"12":{"start":{"line":51,"column":2},"end":{"line":51,"column":19}},"13":{"start":{"line":55,"column":2},"end":{"line":55,"column":21}},"14":{"start":{"line":59,"column":2},"end":{"line":59,"column":27}},"15":{"start":{"line":63,"column":2},"end":{"line":63,"column":21}},"16":{"start":{"line":69,"column":2},"end":{"line":69,"column":10}},"17":{"start":{"line":70,"column":2},"end":{"line":70,"column":21}},"18":{"start":{"line":76,"column":2},"end":{"line":76,"column":10}},"19":{"start":{"line":77,"column":2},"end":{"line":77,"column":22}},"20":{"start":{"line":83,"column":2},"end":{"line":83,"column":10}},"21":{"start":{"line":84,"column":2},"end":{"line":84,"column":23}},"22":{"start":{"line":90,"column":2},"end":{"line":90,"column":10}},"23":{"start":{"line":91,"column":2},"end":{"line":91,"column":22}},"24":{"start":{"line":97,"column":2},"end":{"line":97,"column":10}},"25":{"start":{"line":98,"column":2},"end":{"line":98,"column":21}},"26":{"start":{"line":104,"column":2},"end":{"line":104,"column":10}},"27":{"start":{"line":105,"column":2},"end":{"line":105,"column":23}},"28":{"start":{"line":111,"column":2},"end":{"line":111,"column":10}},"29":{"start":{"line":117,"column":2},"end":{"line":117,"column":10}},"30":{"start":{"line":121,"column":0},"end":{"line":121,"column":23}}},"fnMap":{"0":{"name":"(anonymous_0)","decl":{"start":{"line":2,"column":1},"end":{"line":2,"column":2}},"loc":{"start":{"line":2,"column":16},"end":{"line":4,"column":2}},"line":2},"1":{"name":"(anonymous_1)","decl":{"start":{"line":6,"column":1},"end":{"line":6,"column":2}},"loc":{"start":{"line":6,"column":15},"end":{"line":8,"column":2}},"line":6},"2":{"name":"(anonymous_2)","decl":{"start":{"line":10,"column":1},"end":{"line":10,"column":2}},"loc":{"start":{"line":10,"column":16},"end":{"line":12,"column":2}},"line":10},"3":{"name":"(anonymous_3)","decl":{"start":{"line":14,"column":1},"end":{"line":14,"column":2}},"loc":{"start":{"line":14,"column":15},"end":{"line":16,"column":2}},"line":14},"4":{"name":"(anonymous_4)","decl":{"start":{"line":18,"column":1},"end":{"line":18,"column":2}},"loc":{"start":{"line":18,"column":14},"end":{"line":20,"column":2}},"line":18},"5":{"name":"(anonymous_5)","decl":{"start":{"line":22,"column":1},"end":{"line":22,"column":2}},"loc":{"start":{"line":22,"column":16},"end":{"line":24,"column":2}},"line":22},"6":{"name":"(anonymous_6)","decl":{"start":{"line":26,"column":1},"end":{"line":26,"column":2}},"loc":{"start":{"line":26,"column":22},"end":{"line":28,"column":2}},"line":26},"7":{"name":"(anonymous_7)","decl":{"start":{"line":30,"column":1},"end":{"line":30,"column":2}},"loc":{"start":{"line":30,"column":16},"end":{"line":32,"column":2}},"line":30},"8":{"name":"(anonymous_8)","decl":{"start":{"line":34,"column":1},"end":{"line":34,"column":2}},"loc":{"start":{"line":34,"column":17},"end":{"line":36,"column":2}},"line":34},"9":{"name":"(anonymous_9)","decl":{"start":{"line":38,"column":1},"end":{"line":38,"column":2}},"loc":{"start":{"line":38,"column":11},"end":{"line":40,"column":2}},"line":38},"10":{"name":"(anonymous_10)","decl":{"start":{"line":42,"column":1},"end":{"line":42,"column":2}},"loc":{"start":{"line":42,"column":12},"end":{"line":44,"column":2}},"line":42},"11":{"name":"(anonymous_11)","decl":{"start":{"line":46,"column":1},"end":{"line":46,"column":2}},"loc":{"start":{"line":46,"column":11},"end":{"line":48,"column":2}},"line":46},"12":{"name":"(anonymous_12)","decl":{"start":{"line":50,"column":1},"end":{"line":50,"column":2}},"loc":{"start":{"line":50,"column":10},"end":{"line":52,"column":2}},"line":50},"13":{"name":"(anonymous_13)","decl":{"start":{"line":54,"column":1},"end":{"line":54,"column":2}},"loc":{"start":{"line":54,"column":12},"end":{"line":56,"column":2}},"line":54},"14":{"name":"(anonymous_14)","decl":{"start":{"line":58,"column":1},"end":{"line":58,"column":2}},"loc":{"start":{"line":58,"column":18},"end":{"line":60,"column":2}},"line":58},"15":{"name":"(anonymous_15)","decl":{"start":{"line":62,"column":1},"end":{"line":62,"column":2}},"loc":{"start":{"line":62,"column":12},"end":{"line":64,"column":2}},"line":62},"16":{"name":"(anonymous_16)","decl":{"start":{"line":68,"column":1},"end":{"line":68,"column":2}},"loc":{"start":{"line":68,"column":20},"end":{"line":71,"column":2}},"line":68},"17":{"name":"(anonymous_17)","decl":{"start":{"line":75,"column":1},"end":{"line":75,"column":2}},"loc":{"start":{"line":75,"column":15},"end":{"line":78,"column":2}},"line":75},"18":{"name":"(anonymous_18)","decl":{"start":{"line":82,"column":1},"end":{"line":82,"column":2}},"loc":{"start":{"line":82,"column":15},"end":{"line":85,"column":2}},"line":82},"19":{"name":"(anonymous_19)","decl":{"start":{"line":89,"column":1},"end":{"line":89,"column":2}},"loc":{"start":{"line":89,"column":15},"end":{"line":92,"column":2}},"line":89},"20":{"name":"(anonymous_20)","decl":{"start":{"line":96,"column":1},"end":{"line":96,"column":2}},"loc":{"start":{"line":96,"column":15},"end":{"line":99,"column":2}},"line":96},"21":{"name":"(anonymous_21)","decl":{"start":{"line":103,"column":1},"end":{"line":103,"column":2}},"loc":{"start":{"line":103,"column":15},"end":{"line":106,"column":2}},"line":103},"22":{"name":"(anonymous_22)","decl":{"start":{"line":110,"column":1},"end":{"line":110,"column":2}},"loc":{"start":{"line":110,"column":15},"end":{"line":112,"column":2}},"line":110},"23":{"name":"(anonymous_23)","decl":{"start":{"line":116,"column":1},"end":{"line":116,"column":2}},"loc":{"start":{"line":116,"column":15},"end":{"line":118,"column":2}},"line":116}},"branchMap":{},"s":{"0":23,"1":12,"2":7,"3":6,"4":5,"5":4,"6":3,"7":37,"8":21,"9":7,"10":2,"11":2,"12":2,"13":2,"14":4,"15":22,"16":21,"17":21,"18":7,"19":7,"20":2,"21":2,"22":2,"23":2,"24":2,"25":2,"26":2,"27":2,"28":4,"29":22,"30":6},"f":{"0":23,"1":12,"2":7,"3":6,"4":5,"5":4,"6":3,"7":37,"8":21,"9":7,"10":2,"11":2,"12":2,"13":2,"14":4,"15":22,"16":21,"17":7,"18":2,"19":2,"20":2,"21":2,"22":4,"23":22},"b":{},"_coverageSchema":"1a1c01bbd47fc00a2c39e90264f33305004495a9","hash":"88c9b40b2e6f3c211c9ddd61f5d19308c29d9928"}
}
