TN:
SF:Calc.js
FN:6,(anonymous_0)
FN:32,(anonymous_1)
FN:36,(anonymous_2)
FN:89,(anonymous_3)
FN:95,(anonymous_4)
FNF:5
FNH:5
FNDA:18,(anonymous_0)
FNDA:16,(anonymous_1)
FNDA:37,(anonymous_2)
FNDA:18,(anonymous_3)
FNDA:6,(anonymous_4)
DA:1,5
DA:2,5
DA:3,5
DA:7,18
DA:9,17
DA:10,17
DA:11,17
DA:12,17
DA:14,17
DA:23,17
DA:29,17
DA:33,16
DA:37,37
DA:39,37
DA:40,36
DA:42,33
DA:44,15
DA:45,13
DA:46,13
DA:48,13
DA:50,2
DA:54,11
DA:61,9
DA:62,9
DA:64,9
DA:65,2
DA:66,1
DA:67,1
DA:69,1
DA:73,7
DA:74,6
DA:75,6
DA:77,6
DA:79,5
DA:80,5
DA:82,5
DA:84,1
DA:90,18
DA:91,18
DA:92,18
DA:96,6
DA:98,2
DA:101,1
DA:104,1
DA:107,1
DA:110,1
DA:115,5
LF:47
LH:47
BRDA:7,0,0,1
BRDA:7,0,1,17
BRDA:39,1,0,1
BRDA:39,1,1,36
BRDA:40,2,0,3
BRDA:40,2,1,33
BRDA:42,3,0,15
BRDA:42,3,1,11
BRDA:42,3,2,7
BRDA:44,4,0,13
BRDA:44,4,1,2
BRDA:54,5,0,9
BRDA:54,5,1,2
BRDA:55,6,0,11
BRDA:55,6,1,6
BRDA:55,6,2,5
BRDA:55,6,3,4
BRDA:55,6,4,3
BRDA:65,7,0,1
BRDA:65,7,1,1
BRDA:73,8,0,6
BRDA:73,8,1,1
BRDA:77,9,0,1
BRDA:77,9,1,5
BRDA:96,10,0,2
BRDA:96,10,1,1
BRDA:96,10,2,1
BRDA:96,10,3,1
BRDA:96,10,4,1
BRF:29
BRH:29
end_of_record
TN:
SF:Matrix.js
FN:12,(anonymous_0)
FN:21,(anonymous_1)
FN:25,(anonymous_2)
FN:26,(anonymous_3)
FN:27,(anonymous_4)
FN:40,(anonymous_5)
FN:45,(anonymous_6)
FN:46,(anonymous_7)
FN:47,(anonymous_8)
FN:58,(anonymous_9)
FN:61,(anonymous_10)
FN:72,(anonymous_11)
FN:101,(anonymous_12)
FN:123,(anonymous_13)
FN:132,(anonymous_14)
FN:145,(anonymous_15)
FN:151,(anonymous_16)
FN:152,(anonymous_17)
FN:159,(anonymous_18)
FN:164,(anonymous_19)
FN:184,(anonymous_20)
FN:185,(anonymous_21)
FNF:22
FNH:20
FNDA:107,(anonymous_0)
FNDA:9,(anonymous_1)
FNDA:7,(anonymous_2)
FNDA:7,(anonymous_3)
FNDA:40,(anonymous_4)
FNDA:7,(anonymous_5)
FNDA:12,(anonymous_6)
FNDA:6,(anonymous_7)
FNDA:46,(anonymous_8)
FNDA:4,(anonymous_9)
FNDA:10,(anonymous_10)
FNDA:7,(anonymous_11)
FNDA:6,(anonymous_12)
FNDA:21,(anonymous_13)
FNDA:49,(anonymous_14)
FNDA:2,(anonymous_15)
FNDA:16,(anonymous_16)
FNDA:36,(anonymous_17)
FNDA:30,(anonymous_18)
FNDA:8,(anonymous_19)
FNDA:0,(anonymous_20)
FNDA:0,(anonymous_21)
DA:1,13
DA:2,13
DA:4,13
DA:13,107
DA:22,9
DA:24,5
DA:25,7
DA:27,40
DA:30,5
DA:32,4
DA:41,7
DA:42,1
DA:44,6
DA:45,12
DA:47,46
DA:50,6
DA:59,4
DA:61,10
DA:63,2
DA:73,7
DA:75,7
DA:76,3
DA:80,4
DA:82,4
DA:83,11
DA:84,11
DA:85,28
DA:86,28
DA:87,80
DA:89,28
DA:91,11
DA:94,4
DA:102,6
DA:104,6
DA:105,14
DA:107,14
DA:108,39
DA:111,14
DA:114,5
DA:128,21
DA:129,4
DA:132,49
DA:134,17
DA:146,2
DA:148,1
DA:152,16
DA:153,36
DA:154,34
DA:156,34
DA:159,14
DA:160,30
DA:165,8
DA:167,8
DA:169,8
DA:170,20
DA:173,8
DA:177,13
DA:180,13
DA:185,0
DA:186,0
LF:60
LH:58
BRDA:22,0,0,2
BRDA:22,0,1,5
BRDA:30,1,0,1
BRDA:30,1,1,4
BRDA:41,2,0,1
BRDA:41,2,1,6
BRDA:59,3,0,2
BRDA:59,3,1,2
BRDA:75,4,0,3
BRDA:75,4,1,4
BRDA:128,5,0,4
BRDA:128,5,1,17
BRDA:128,6,0,21
BRDA:128,6,1,20
BRDA:128,6,2,19
BRDA:146,7,0,1
BRDA:146,7,1,1
BRDA:146,8,0,2
BRDA:146,8,1,1
BRDA:146,8,2,1
BRDA:160,9,0,30
BRDA:160,9,1,28
BRDA:186,10,0,0
BRDA:186,10,1,0
BRF:24
BRH:22
end_of_record
TN:
SF:Parser.js
FN:8,(anonymous_0)
FNF:1
FNH:1
FNDA:24,(anonymous_0)
DA:1,6
DA:2,6
DA:4,6
DA:5,6
DA:9,24
DA:10,1
DA:13,23
DA:15,4
DA:18,1
DA:21,1
DA:24,1
DA:27,1
DA:30,1
DA:33,14
DA:35,14
DA:36,13
DA:39,1
DA:43,6
LF:18
LH:18
BRDA:9,0,0,1
BRDA:9,0,1,23
BRDA:13,1,0,4
BRDA:13,1,1,1
BRDA:13,1,2,1
BRDA:13,1,3,1
BRDA:13,1,4,1
BRDA:13,1,5,1
BRDA:35,2,0,13
BRDA:35,2,1,1
BRF:10
BRH:10
end_of_record
TN:
SF:Token.js
FN:2,(anonymous_0)
FN:6,(anonymous_1)
FN:10,(anonymous_2)
FN:14,(anonymous_3)
FN:18,(anonymous_4)
FN:22,(anonymous_5)
FN:26,(anonymous_6)
FN:30,(anonymous_7)
FN:34,(anonymous_8)
FN:38,(anonymous_9)
FN:42,(anonymous_10)
FN:46,(anonymous_11)
FN:50,(anonymous_12)
FN:54,(anonymous_13)
FN:58,(anonymous_14)
FN:62,(anonymous_15)
FN:68,(anonymous_16)
FN:75,(anonymous_17)
FN:82,(anonymous_18)
FN:89,(anonymous_19)
FN:96,(anonymous_20)
FN:103,(anonymous_21)
FN:110,(anonymous_22)
FN:116,(anonymous_23)
FNF:24
FNH:24
FNDA:23,(anonymous_0)
FNDA:12,(anonymous_1)
FNDA:7,(anonymous_2)
FNDA:6,(anonymous_3)
FNDA:5,(anonymous_4)
FNDA:4,(anonymous_5)
FNDA:3,(anonymous_6)
FNDA:37,(anonymous_7)
FNDA:21,(anonymous_8)
FNDA:7,(anonymous_9)
FNDA:2,(anonymous_10)
FNDA:2,(anonymous_11)
FNDA:2,(anonymous_12)
FNDA:2,(anonymous_13)
FNDA:4,(anonymous_14)
FNDA:22,(anonymous_15)
FNDA:21,(anonymous_16)
FNDA:7,(anonymous_17)
FNDA:2,(anonymous_18)
FNDA:2,(anonymous_19)
FNDA:2,(anonymous_20)
FNDA:2,(anonymous_21)
FNDA:4,(anonymous_22)
FNDA:22,(anonymous_23)
DA:3,23
DA:7,12
DA:11,7
DA:15,6
DA:19,5
DA:23,4
DA:27,3
DA:31,37
DA:35,21
DA:39,7
DA:43,2
DA:47,2
DA:51,2
DA:55,2
DA:59,4
DA:63,22
DA:69,21
DA:70,21
DA:76,7
DA:77,7
DA:83,2
DA:84,2
DA:90,2
DA:91,2
DA:97,2
DA:98,2
DA:104,2
DA:105,2
DA:111,4
DA:117,22
DA:121,6
LF:31
LH:31
BRF:0
BRH:0
end_of_record
